  platform_common.cpp
  win32_platform.cpp
C:\Users\athos\Documents\C++ Projects\PongGame\Project1\win32_platform.cpp(4,1): warning C4091: 'static ': ignored on left of 'int' when no variable is declared
C:\Users\athos\Documents\C++ Projects\PongGame\Project1\win32_platform.cpp(13,1): warning C4091: 'static ': ignored on left of 'int' when no variable is declared
C:\Users\athos\Documents\C++ Projects\PongGame\Project1\renderer.cpp(1,1): warning C4091: 'static ': ignored on left of 'int' when no variable is declared
  (compiling source file 'win32_platform.cpp')
  
C:\Users\athos\Documents\C++ Projects\PongGame\Project1\renderer.cpp(11,1): warning C4091: 'static ': ignored on left of 'int' when no variable is declared
  (compiling source file 'win32_platform.cpp')
  
C:\Users\athos\Documents\C++ Projects\PongGame\Project1\renderer.cpp(27,1): warning C4091: 'static ': ignored on left of 'int' when no variable is declared
  (compiling source file 'win32_platform.cpp')
  
C:\Users\athos\Documents\C++ Projects\PongGame\Project1\renderer.cpp(29,1): warning C4091: 'static ': ignored on left of 'int' when no variable is declared
  (compiling source file 'win32_platform.cpp')
  
C:\Users\athos\Documents\C++ Projects\PongGame\Project1\renderer.cpp(41,9): warning C4244: 'initializing': conversion from 'float' to 'int', possible loss of data
  (compiling source file 'win32_platform.cpp')
  
C:\Users\athos\Documents\C++ Projects\PongGame\Project1\renderer.cpp(42,9): warning C4244: 'initializing': conversion from 'float' to 'int', possible loss of data
  (compiling source file 'win32_platform.cpp')
  
C:\Users\athos\Documents\C++ Projects\PongGame\Project1\renderer.cpp(43,9): warning C4244: 'initializing': conversion from 'float' to 'int', possible loss of data
  (compiling source file 'win32_platform.cpp')
  
C:\Users\athos\Documents\C++ Projects\PongGame\Project1\renderer.cpp(44,9): warning C4244: 'initializing': conversion from 'float' to 'int', possible loss of data
  (compiling source file 'win32_platform.cpp')
  
C:\Users\athos\Documents\C++ Projects\PongGame\Project1\win32_platform.cpp(103,23): warning C4305: 'argument': truncation from 'double' to 'float'
C:\Users\athos\Documents\C++ Projects\PongGame\Project1\win32_platform.cpp(103,19): warning C4305: 'argument': truncation from 'double' to 'float'
C:\Users\athos\Documents\C++ Projects\PongGame\Project1\win32_platform.cpp(104,26): warning C4305: 'argument': truncation from 'double' to 'float'
C:\Users\athos\Documents\C++ Projects\PongGame\Project1\win32_platform.cpp(104,21): warning C4305: 'argument': truncation from 'double' to 'float'
C:\Users\athos\Documents\C++ Projects\PongGame\Project1\win32_platform.cpp(104,17): warning C4305: 'argument': truncation from 'double' to 'float'
C:\Users\athos\Documents\C++ Projects\PongGame\Project1\win32_platform.cpp(104,13): warning C4305: 'argument': truncation from 'double' to 'float'
C:\Users\athos\Documents\C++ Projects\PongGame\Project1\win32_platform.cpp(105,27): warning C4305: 'argument': truncation from 'double' to 'float'
C:\Users\athos\Documents\C++ Projects\PongGame\Project1\win32_platform.cpp(105,22): warning C4305: 'argument': truncation from 'double' to 'float'
  Generating Code...
  Project1.vcxproj -> C:\Users\athos\Documents\C++ Projects\PongGame\Project1\x64\Debug\PongGame.exe
